[ 2023-12-11 19:32:06,358 ] 96 werkzeug - WARNING -  * Debugger is active!
[ 2023-12-11 19:32:06,365 ] 96 werkzeug - INFO -  * Debugger PIN: 782-199-451
[ 2023-12-11 19:48:01,103 ] 96 werkzeug - INFO - 127.0.0.1 - - [11/Dec/2023 19:48:01] "GET / HTTP/1.1" 200 -
[ 2023-12-11 19:48:24,397 ] 92 root - INFO - Entered initiate_data_ingestion method of Data_Ingestion class
[ 2023-12-11 19:48:24,398 ] 60 root - INFO - Exporting data from mongodb
[ 2023-12-11 19:48:28,308 ] 69 root - INFO - Saving exported data into feature store file path: artifacts
[ 2023-12-11 19:48:28,408 ] 98 root - INFO - Got the data from mongodb
[ 2023-12-11 19:48:28,409 ] 101 root - INFO - Exited initiate_data_ingestion method of Data_Ingestion class
[ 2023-12-11 19:48:28,409 ] 99 root - INFO - Entered initiate_data_transformation method of Data_Transformation class
[ 2023-12-11 19:48:29,149 ] 39 root - INFO - Entered the save_object method of MainUtils class
[ 2023-12-11 19:48:29,155 ] 45 root - INFO - Exited the save_object method of MainUtils class
[ 2023-12-11 19:48:29,158 ] 145 root - INFO - Splitting training and testing input and target feature
[ 2023-12-11 19:48:29,158 ] 156 root - INFO - Extracting model config file path
[ 2023-12-11 19:48:29,158 ] 163 root - INFO - Extracting model config file path
[ 2023-12-11 19:50:35,018 ] 197 root - INFO - Best found model on both training and testing dataset
[ 2023-12-11 19:50:35,019 ] 202 root - INFO - Saving model at path: artifacts\model.pkl
[ 2023-12-11 19:50:35,019 ] 39 root - INFO - Entered the save_object method of MainUtils class
[ 2023-12-11 19:50:35,029 ] 45 root - INFO - Exited the save_object method of MainUtils class
[ 2023-12-11 19:50:35,030 ] 96 werkzeug - INFO - 127.0.0.1 - - [11/Dec/2023 19:50:35] "GET /train HTTP/1.1" 200 -
[ 2023-12-11 20:10:22,777 ] 92 root - INFO - Entered initiate_data_ingestion method of Data_Ingestion class
[ 2023-12-11 20:10:22,777 ] 60 root - INFO - Exporting data from mongodb
[ 2023-12-11 20:10:25,618 ] 69 root - INFO - Saving exported data into feature store file path: artifacts
[ 2023-12-11 20:10:25,676 ] 98 root - INFO - Got the data from mongodb
[ 2023-12-11 20:10:25,676 ] 101 root - INFO - Exited initiate_data_ingestion method of Data_Ingestion class
[ 2023-12-11 20:10:25,676 ] 99 root - INFO - Entered initiate_data_transformation method of Data_Transformation class
[ 2023-12-11 20:10:25,902 ] 39 root - INFO - Entered the save_object method of MainUtils class
[ 2023-12-11 20:10:25,903 ] 45 root - INFO - Exited the save_object method of MainUtils class
[ 2023-12-11 20:10:25,905 ] 145 root - INFO - Splitting training and testing input and target feature
[ 2023-12-11 20:10:25,906 ] 156 root - INFO - Extracting model config file path
[ 2023-12-11 20:10:25,906 ] 163 root - INFO - Extracting model config file path
